{"/Users/diego.valencia/Desktop/koibanx-backend-challenge/app.js": {"path":"/Users/diego.valencia/Desktop/koibanx-backend-challenge/app.js","statementMap":{"0":{"start":{"line":1,"column":16},"end":{"line":1,"column":34}},"1":{"start":{"line":2,"column":12},"end":{"line":2,"column":21}},"2":{"start":{"line":4,"column":15},"end":{"line":4,"column":32}},"3":{"start":{"line":5,"column":19},"end":{"line":5,"column":41}},"4":{"start":{"line":6,"column":17},"end":{"line":6,"column":36}},"5":{"start":{"line":7,"column":15},"end":{"line":7,"column":40}},"6":{"start":{"line":8,"column":18},"end":{"line":8,"column":50}},"7":{"start":{"line":9,"column":21},"end":{"line":9,"column":56}},"8":{"start":{"line":10,"column":17},"end":{"line":10,"column":50}},"9":{"start":{"line":13,"column":0},"end":{"line":13,"column":44}},"10":{"start":{"line":14,"column":15},"end":{"line":14,"column":32}},"11":{"start":{"line":17,"column":0},"end":{"line":17,"column":52}},"12":{"start":{"line":18,"column":0},"end":{"line":18,"column":27}},"13":{"start":{"line":22,"column":0},"end":{"line":22,"column":27}},"14":{"start":{"line":23,"column":0},"end":{"line":23,"column":153}},"15":{"start":{"line":26,"column":0},"end":{"line":26,"column":19}},"16":{"start":{"line":29,"column":0},"end":{"line":29,"column":38}},"17":{"start":{"line":30,"column":0},"end":{"line":30,"column":44}},"18":{"start":{"line":33,"column":0},"end":{"line":33,"column":22}},"19":{"start":{"line":36,"column":0},"end":{"line":36,"column":31}},"20":{"start":{"line":37,"column":0},"end":{"line":37,"column":61}},"21":{"start":{"line":39,"column":0},"end":{"line":39,"column":21}}},"fnMap":{},"branchMap":{"0":{"loc":{"start":{"line":10,"column":17},"end":{"line":10,"column":50}},"type":"binary-expr","locations":[{"start":{"line":10,"column":17},"end":{"line":10,"column":37}},{"start":{"line":10,"column":41},"end":{"line":10,"column":50}}],"line":10}},"s":{"0":1,"1":1,"2":1,"3":1,"4":1,"5":1,"6":1,"7":1,"8":1,"9":1,"10":1,"11":1,"12":1,"13":1,"14":1,"15":1,"16":1,"17":1,"18":1,"19":1,"20":1,"21":1},"f":{},"b":{"0":[1,0]},"_coverageSchema":"1a1c01bbd47fc00a2c39e90264f33305004495a9","hash":"f7fc751d82d108b640399c2596ff769faa6dd352"}
,"/Users/diego.valencia/Desktop/koibanx-backend-challenge/_helpers/basic-auth.js": {"path":"/Users/diego.valencia/Desktop/koibanx-backend-challenge/_helpers/basic-auth.js","statementMap":{"0":{"start":{"line":1,"column":20},"end":{"line":1,"column":55}},"1":{"start":{"line":2,"column":15},"end":{"line":2,"column":41}},"2":{"start":{"line":5,"column":4},"end":{"line":5,"column":45}},"3":{"start":{"line":8,"column":4},"end":{"line":10,"column":5}},"4":{"start":{"line":9,"column":8},"end":{"line":9,"column":81}},"5":{"start":{"line":13,"column":30},"end":{"line":13,"column":69}},"6":{"start":{"line":14,"column":24},"end":{"line":14,"column":82}},"7":{"start":{"line":15,"column":33},"end":{"line":15,"column":55}},"8":{"start":{"line":16,"column":24},"end":{"line":16,"column":74}},"9":{"start":{"line":18,"column":4},"end":{"line":20,"column":5}},"10":{"start":{"line":19,"column":8},"end":{"line":19,"column":87}},"11":{"start":{"line":22,"column":4},"end":{"line":22,"column":11}},"12":{"start":{"line":25,"column":0},"end":{"line":25,"column":27}}},"fnMap":{"0":{"name":"basicAuth","decl":{"start":{"line":4,"column":15},"end":{"line":4,"column":24}},"loc":{"start":{"line":4,"column":41},"end":{"line":23,"column":1}},"line":4}},"branchMap":{"0":{"loc":{"start":{"line":8,"column":4},"end":{"line":10,"column":5}},"type":"if","locations":[{"start":{"line":8,"column":4},"end":{"line":10,"column":5}},{"start":{},"end":{}}],"line":8},"1":{"loc":{"start":{"line":8,"column":8},"end":{"line":8,"column":88}},"type":"binary-expr","locations":[{"start":{"line":8,"column":8},"end":{"line":8,"column":34}},{"start":{"line":8,"column":38},"end":{"line":8,"column":88}}],"line":8},"2":{"loc":{"start":{"line":18,"column":4},"end":{"line":20,"column":5}},"type":"if","locations":[{"start":{"line":18,"column":4},"end":{"line":20,"column":5}},{"start":{},"end":{}}],"line":18},"3":{"loc":{"start":{"line":18,"column":8},"end":{"line":18,"column":46}},"type":"binary-expr","locations":[{"start":{"line":18,"column":8},"end":{"line":18,"column":20}},{"start":{"line":18,"column":25},"end":{"line":18,"column":45}}],"line":18}},"s":{"0":1,"1":1,"2":6,"3":6,"4":1,"5":5,"6":5,"7":5,"8":5,"9":5,"10":0,"11":5,"12":1},"f":{"0":6},"b":{"0":[1,5],"1":[6,5],"2":[0,5],"3":[5,5]},"_coverageSchema":"1a1c01bbd47fc00a2c39e90264f33305004495a9","hash":"13ea99369653720d1eba3f997cb69ef5ed8d00b8"}
,"/Users/diego.valencia/Desktop/koibanx-backend-challenge/_helpers/error-handler.js": {"path":"/Users/diego.valencia/Desktop/koibanx-backend-challenge/_helpers/error-handler.js","statementMap":{"0":{"start":{"line":2,"column":4},"end":{"line":5,"column":5}},"1":{"start":{"line":4,"column":8},"end":{"line":4,"column":54}},"2":{"start":{"line":8,"column":4},"end":{"line":8,"column":58}},"3":{"start":{"line":11,"column":0},"end":{"line":11,"column":30}}},"fnMap":{"0":{"name":"errorHandler","decl":{"start":{"line":1,"column":9},"end":{"line":1,"column":21}},"loc":{"start":{"line":1,"column":43},"end":{"line":9,"column":1}},"line":1}},"branchMap":{"0":{"loc":{"start":{"line":2,"column":4},"end":{"line":5,"column":5}},"type":"if","locations":[{"start":{"line":2,"column":4},"end":{"line":5,"column":5}},{"start":{},"end":{}}],"line":2}},"s":{"0":0,"1":0,"2":0,"3":1},"f":{"0":0},"b":{"0":[0,0]},"_coverageSchema":"1a1c01bbd47fc00a2c39e90264f33305004495a9","hash":"cbb002fe4a0b9e6d11a44b99ad727a9119736b4e"}
,"/Users/diego.valencia/Desktop/koibanx-backend-challenge/config/default.js": {"path":"/Users/diego.valencia/Desktop/koibanx-backend-challenge/config/default.js","statementMap":{"0":{"start":{"line":1,"column":0},"end":{"line":11,"column":2}}},"fnMap":{},"branchMap":{},"s":{"0":1},"f":{},"b":{},"_coverageSchema":"1a1c01bbd47fc00a2c39e90264f33305004495a9","hash":"3de233af5ec6bd0f4bac1e46fc742eca97c91be1"}
,"/Users/diego.valencia/Desktop/koibanx-backend-challenge/models/store.js": {"path":"/Users/diego.valencia/Desktop/koibanx-backend-challenge/models/store.js","statementMap":{"0":{"start":{"line":1,"column":17},"end":{"line":1,"column":36}},"1":{"start":{"line":3,"column":20},"end":{"line":10,"column":23}},"2":{"start":{"line":12,"column":0},"end":{"line":14,"column":3}},"3":{"start":{"line":16,"column":0},"end":{"line":16,"column":54}}},"fnMap":{"0":{"name":"(anonymous_0)","decl":{"start":{"line":12,"column":24},"end":{"line":12,"column":25}},"loc":{"start":{"line":12,"column":50},"end":{"line":14,"column":1}},"line":12}},"branchMap":{},"s":{"0":1,"1":1,"2":1,"3":1},"f":{"0":1},"b":{},"_coverageSchema":"1a1c01bbd47fc00a2c39e90264f33305004495a9","hash":"e497891933d377ccf8c0757ae92f78ad1dbc41b2"}
,"/Users/diego.valencia/Desktop/koibanx-backend-challenge/models/user.js": {"path":"/Users/diego.valencia/Desktop/koibanx-backend-challenge/models/user.js","statementMap":{"0":{"start":{"line":1,"column":15},"end":{"line":1,"column":34}},"1":{"start":{"line":2,"column":13},"end":{"line":2,"column":37}},"2":{"start":{"line":4,"column":17},"end":{"line":7,"column":22}},"3":{"start":{"line":9,"column":0},"end":{"line":11,"column":2}},"4":{"start":{"line":10,"column":4},"end":{"line":10,"column":54}},"5":{"start":{"line":13,"column":0},"end":{"line":30,"column":3}},"6":{"start":{"line":14,"column":15},"end":{"line":14,"column":19}},"7":{"start":{"line":17,"column":4},"end":{"line":17,"column":56}},"8":{"start":{"line":17,"column":38},"end":{"line":17,"column":56}},"9":{"start":{"line":20,"column":4},"end":{"line":29,"column":7}},"10":{"start":{"line":21,"column":8},"end":{"line":21,"column":38}},"11":{"start":{"line":21,"column":17},"end":{"line":21,"column":38}},"12":{"start":{"line":23,"column":8},"end":{"line":28,"column":11}},"13":{"start":{"line":24,"column":12},"end":{"line":24,"column":42}},"14":{"start":{"line":24,"column":21},"end":{"line":24,"column":42}},"15":{"start":{"line":25,"column":12},"end":{"line":25,"column":33}},"16":{"start":{"line":26,"column":12},"end":{"line":26,"column":45}},"17":{"start":{"line":27,"column":12},"end":{"line":27,"column":23}},"18":{"start":{"line":32,"column":0},"end":{"line":32,"column":52}}},"fnMap":{"0":{"name":"(anonymous_0)","decl":{"start":{"line":9,"column":36},"end":{"line":9,"column":37}},"loc":{"start":{"line":9,"column":56},"end":{"line":11,"column":1}},"line":9},"1":{"name":"(anonymous_1)","decl":{"start":{"line":13,"column":23},"end":{"line":13,"column":24}},"loc":{"start":{"line":13,"column":49},"end":{"line":30,"column":1}},"line":13},"2":{"name":"(anonymous_2)","decl":{"start":{"line":20,"column":22},"end":{"line":20,"column":23}},"loc":{"start":{"line":20,"column":43},"end":{"line":29,"column":5}},"line":20},"3":{"name":"(anonymous_3)","decl":{"start":{"line":23,"column":47},"end":{"line":23,"column":48}},"loc":{"start":{"line":23,"column":68},"end":{"line":28,"column":9}},"line":23}},"branchMap":{"0":{"loc":{"start":{"line":17,"column":4},"end":{"line":17,"column":56}},"type":"if","locations":[{"start":{"line":17,"column":4},"end":{"line":17,"column":56}},{"start":{},"end":{}}],"line":17},"1":{"loc":{"start":{"line":21,"column":8},"end":{"line":21,"column":38}},"type":"if","locations":[{"start":{"line":21,"column":8},"end":{"line":21,"column":38}},{"start":{},"end":{}}],"line":21},"2":{"loc":{"start":{"line":24,"column":12},"end":{"line":24,"column":42}},"type":"if","locations":[{"start":{"line":24,"column":12},"end":{"line":24,"column":42}},{"start":{},"end":{}}],"line":24},"3":{"loc":{"start":{"line":26,"column":26},"end":{"line":26,"column":45}},"type":"cond-expr","locations":[{"start":{"line":26,"column":40},"end":{"line":26,"column":41}},{"start":{"line":26,"column":44},"end":{"line":26,"column":45}}],"line":26}},"s":{"0":1,"1":1,"2":1,"3":1,"4":5,"5":1,"6":0,"7":0,"8":0,"9":0,"10":0,"11":0,"12":0,"13":0,"14":0,"15":0,"16":0,"17":0,"18":1},"f":{"0":5,"1":0,"2":0,"3":0},"b":{"0":[0,0],"1":[0,0],"2":[0,0],"3":[0,0]},"_coverageSchema":"1a1c01bbd47fc00a2c39e90264f33305004495a9","hash":"2594d6ade362a35d299202dda26b7ca907237ad5"}
,"/Users/diego.valencia/Desktop/koibanx-backend-challenge/routes/stores.js": {"path":"/Users/diego.valencia/Desktop/koibanx-backend-challenge/routes/stores.js","statementMap":{"0":{"start":{"line":1,"column":15},"end":{"line":1,"column":41}},"1":{"start":{"line":2,"column":18},"end":{"line":2,"column":53}},"2":{"start":{"line":3,"column":16},"end":{"line":3,"column":34}},"3":{"start":{"line":4,"column":15},"end":{"line":4,"column":31}},"4":{"start":{"line":5,"column":36},"end":{"line":5,"column":64}},"5":{"start":{"line":6,"column":14},"end":{"line":6,"column":40}},"6":{"start":{"line":9,"column":0},"end":{"line":10,"column":21}},"7":{"start":{"line":13,"column":2},"end":{"line":13,"column":42}},"8":{"start":{"line":16,"column":35},"end":{"line":16,"column":44}},"9":{"start":{"line":18,"column":2},"end":{"line":54,"column":3}},"10":{"start":{"line":20,"column":19},"end":{"line":25,"column":13}},"11":{"start":{"line":28,"column":24},"end":{"line":28,"column":52}},"12":{"start":{"line":30,"column":28},"end":{"line":42,"column":8}},"13":{"start":{"line":32,"column":8},"end":{"line":32,"column":61}},"14":{"start":{"line":32,"column":45},"end":{"line":32,"column":57}},"15":{"start":{"line":33,"column":25},"end":{"line":33,"column":113}},"16":{"start":{"line":33,"column":79},"end":{"line":33,"column":111}},"17":{"start":{"line":34,"column":64},"end":{"line":34,"column":80}},"18":{"start":{"line":35,"column":8},"end":{"line":35,"column":78}},"19":{"start":{"line":36,"column":8},"end":{"line":36,"column":56}},"20":{"start":{"line":38,"column":8},"end":{"line":41,"column":10}},"21":{"start":{"line":45,"column":4},"end":{"line":51,"column":7}},"22":{"start":{"line":53,"column":4},"end":{"line":53,"column":31}},"23":{"start":{"line":58,"column":0},"end":{"line":117,"column":17}},"24":{"start":{"line":70,"column":8},"end":{"line":74,"column":11}},"25":{"start":{"line":71,"column":10},"end":{"line":73,"column":11}},"26":{"start":{"line":72,"column":12},"end":{"line":72,"column":63}},"27":{"start":{"line":87,"column":8},"end":{"line":91,"column":11}},"28":{"start":{"line":88,"column":10},"end":{"line":90,"column":11}},"29":{"start":{"line":89,"column":12},"end":{"line":89,"column":63}},"30":{"start":{"line":120,"column":4},"end":{"line":120,"column":43}},"31":{"start":{"line":123,"column":19},"end":{"line":123,"column":40}},"32":{"start":{"line":125,"column":4},"end":{"line":127,"column":5}},"33":{"start":{"line":126,"column":6},"end":{"line":126,"column":62}},"34":{"start":{"line":129,"column":4},"end":{"line":147,"column":5}},"35":{"start":{"line":130,"column":18},"end":{"line":130,"column":29}},"36":{"start":{"line":132,"column":6},"end":{"line":132,"column":33}},"37":{"start":{"line":133,"column":6},"end":{"line":133,"column":33}},"38":{"start":{"line":134,"column":6},"end":{"line":134,"column":41}},"39":{"start":{"line":135,"column":6},"end":{"line":135,"column":53}},"40":{"start":{"line":136,"column":6},"end":{"line":136,"column":85}},"41":{"start":{"line":137,"column":6},"end":{"line":137,"column":41}},"42":{"start":{"line":139,"column":6},"end":{"line":139,"column":32}},"43":{"start":{"line":141,"column":6},"end":{"line":141,"column":34}},"44":{"start":{"line":144,"column":6},"end":{"line":144,"column":22}},"45":{"start":{"line":146,"column":6},"end":{"line":146,"column":33}},"46":{"start":{"line":150,"column":0},"end":{"line":150,"column":24}}},"fnMap":{"0":{"name":"getAllStores","decl":{"start":{"line":12,"column":15},"end":{"line":12,"column":27}},"loc":{"start":{"line":12,"column":38},"end":{"line":55,"column":1}},"line":12},"1":{"name":"(anonymous_1)","decl":{"start":{"line":31,"column":11},"end":{"line":31,"column":12}},"loc":{"start":{"line":31,"column":20},"end":{"line":42,"column":7}},"line":31},"2":{"name":"(anonymous_2)","decl":{"start":{"line":32,"column":28},"end":{"line":32,"column":29}},"loc":{"start":{"line":32,"column":43},"end":{"line":32,"column":59}},"line":32},"3":{"name":"(anonymous_3)","decl":{"start":{"line":33,"column":63},"end":{"line":33,"column":64}},"loc":{"start":{"line":33,"column":79},"end":{"line":33,"column":111}},"line":33},"4":{"name":"(anonymous_4)","decl":{"start":{"line":69,"column":14},"end":{"line":69,"column":15}},"loc":{"start":{"line":69,"column":23},"end":{"line":75,"column":7}},"line":69},"5":{"name":"(anonymous_5)","decl":{"start":{"line":70,"column":58},"end":{"line":70,"column":59}},"loc":{"start":{"line":70,"column":67},"end":{"line":74,"column":9}},"line":70},"6":{"name":"(anonymous_6)","decl":{"start":{"line":86,"column":14},"end":{"line":86,"column":15}},"loc":{"start":{"line":86,"column":23},"end":{"line":92,"column":7}},"line":86},"7":{"name":"(anonymous_7)","decl":{"start":{"line":87,"column":58},"end":{"line":87,"column":59}},"loc":{"start":{"line":87,"column":67},"end":{"line":91,"column":9}},"line":87},"8":{"name":"createStore","decl":{"start":{"line":119,"column":15},"end":{"line":119,"column":26}},"loc":{"start":{"line":119,"column":37},"end":{"line":148,"column":1}},"line":119}},"branchMap":{"0":{"loc":{"start":{"line":16,"column":10},"end":{"line":16,"column":18}},"type":"default-arg","locations":[{"start":{"line":16,"column":17},"end":{"line":16,"column":18}}],"line":16},"1":{"loc":{"start":{"line":16,"column":20},"end":{"line":16,"column":30}},"type":"default-arg","locations":[{"start":{"line":16,"column":28},"end":{"line":16,"column":30}}],"line":16},"2":{"loc":{"start":{"line":36,"column":28},"end":{"line":36,"column":54}},"type":"cond-expr","locations":[{"start":{"line":36,"column":45},"end":{"line":36,"column":49}},{"start":{"line":36,"column":50},"end":{"line":36,"column":54}}],"line":36},"3":{"loc":{"start":{"line":71,"column":10},"end":{"line":73,"column":11}},"type":"if","locations":[{"start":{"line":71,"column":10},"end":{"line":73,"column":11}},{"start":{},"end":{}}],"line":71},"4":{"loc":{"start":{"line":88,"column":10},"end":{"line":90,"column":11}},"type":"if","locations":[{"start":{"line":88,"column":10},"end":{"line":90,"column":11}},{"start":{},"end":{}}],"line":88},"5":{"loc":{"start":{"line":125,"column":4},"end":{"line":127,"column":5}},"type":"if","locations":[{"start":{"line":125,"column":4},"end":{"line":127,"column":5}},{"start":{},"end":{}}],"line":125},"6":{"loc":{"start":{"line":136,"column":22},"end":{"line":136,"column":83}},"type":"cond-expr","locations":[{"start":{"line":136,"column":63},"end":{"line":136,"column":78}},{"start":{"line":136,"column":79},"end":{"line":136,"column":83}}],"line":136}},"s":{"0":1,"1":1,"2":1,"3":1,"4":1,"5":1,"6":1,"7":3,"8":3,"9":3,"10":3,"11":3,"12":3,"13":27,"14":150,"15":27,"16":120,"17":27,"18":27,"19":27,"20":27,"21":3,"22":0,"23":1,"24":2,"25":2,"26":1,"27":2,"28":2,"29":1,"30":2,"31":2,"32":2,"33":1,"34":1,"35":1,"36":1,"37":1,"38":1,"39":1,"40":1,"41":1,"42":1,"43":1,"44":1,"45":0,"46":1},"f":{"0":3,"1":27,"2":150,"3":120,"4":2,"5":2,"6":2,"7":2,"8":2},"b":{"0":[2],"1":[2],"2":[24,3],"3":[1,1],"4":[1,1],"5":[1,1],"6":[0,1]},"_coverageSchema":"1a1c01bbd47fc00a2c39e90264f33305004495a9","hash":"b72b2c1badbd857cf5cc2e65f763442ab797923d"}
,"/Users/diego.valencia/Desktop/koibanx-backend-challenge/services/user.service.js": {"path":"/Users/diego.valencia/Desktop/koibanx-backend-challenge/services/user.service.js","statementMap":{"0":{"start":{"line":1,"column":13},"end":{"line":1,"column":38}},"1":{"start":{"line":2,"column":15},"end":{"line":2,"column":41}},"2":{"start":{"line":4,"column":0},"end":{"line":15,"column":1}},"3":{"start":{"line":5,"column":4},"end":{"line":5,"column":50}},"4":{"start":{"line":7,"column":17},"end":{"line":7,"column":59}},"5":{"start":{"line":9,"column":4},"end":{"line":11,"column":5}},"6":{"start":{"line":10,"column":8},"end":{"line":10,"column":45}},"7":{"start":{"line":14,"column":4},"end":{"line":14,"column":16}}},"fnMap":{"0":{"name":"authenticate","decl":{"start":{"line":4,"column":45},"end":{"line":4,"column":57}},"loc":{"start":{"line":4,"column":78},"end":{"line":15,"column":1}},"line":4}},"branchMap":{"0":{"loc":{"start":{"line":9,"column":4},"end":{"line":11,"column":5}},"type":"if","locations":[{"start":{"line":9,"column":4},"end":{"line":11,"column":5}},{"start":{},"end":{}}],"line":9}},"s":{"0":1,"1":1,"2":1,"3":5,"4":5,"5":5,"6":5,"7":0},"f":{"0":5},"b":{"0":[5,0]},"_coverageSchema":"1a1c01bbd47fc00a2c39e90264f33305004495a9","hash":"f8cc4d6cab1b6db3a87378e1b4946c559fc86bbf"}
,"/Users/diego.valencia/Desktop/koibanx-backend-challenge/utils/format-currency.js": {"path":"/Users/diego.valencia/Desktop/koibanx-backend-challenge/utils/format-currency.js","statementMap":{"0":{"start":{"line":1,"column":16},"end":{"line":4,"column":6}},"1":{"start":{"line":6,"column":0},"end":{"line":6,"column":27}}},"fnMap":{},"branchMap":{},"s":{"0":1,"1":1},"f":{},"b":{},"_coverageSchema":"1a1c01bbd47fc00a2c39e90264f33305004495a9","hash":"c7de1ff876106eb88c23d1e0ba9cd51cec9575a4"}
,"/Users/diego.valencia/Desktop/koibanx-backend-challenge/utils/initializer.js": {"path":"/Users/diego.valencia/Desktop/koibanx-backend-challenge/utils/initializer.js","statementMap":{"0":{"start":{"line":1,"column":13},"end":{"line":1,"column":38}},"1":{"start":{"line":2,"column":15},"end":{"line":2,"column":41}},"2":{"start":{"line":4,"column":0},"end":{"line":15,"column":1}},"3":{"start":{"line":5,"column":4},"end":{"line":7,"column":5}},"4":{"start":{"line":6,"column":8},"end":{"line":6,"column":14}},"5":{"start":{"line":9,"column":15},"end":{"line":9,"column":25}},"6":{"start":{"line":10,"column":4},"end":{"line":10,"column":39}},"7":{"start":{"line":11,"column":4},"end":{"line":11,"column":28}},"8":{"start":{"line":12,"column":4},"end":{"line":12,"column":28}},"9":{"start":{"line":14,"column":4},"end":{"line":14,"column":36}}},"fnMap":{"0":{"name":"(anonymous_0)","decl":{"start":{"line":4,"column":15},"end":{"line":4,"column":16}},"loc":{"start":{"line":4,"column":33},"end":{"line":15,"column":1}},"line":4}},"branchMap":{"0":{"loc":{"start":{"line":5,"column":4},"end":{"line":7,"column":5}},"type":"if","locations":[{"start":{"line":5,"column":4},"end":{"line":7,"column":5}},{"start":{},"end":{}}],"line":5}},"s":{"0":1,"1":1,"2":1,"3":1,"4":1,"5":0,"6":0,"7":0,"8":0,"9":0},"f":{"0":1},"b":{"0":[1,0]},"_coverageSchema":"1a1c01bbd47fc00a2c39e90264f33305004495a9","hash":"d9a9817958aa1b363f8b49036b54baeef623fcc6"}
,"/Users/diego.valencia/Desktop/koibanx-backend-challenge/utils/logger.js": {"path":"/Users/diego.valencia/Desktop/koibanx-backend-challenge/utils/logger.js","statementMap":{"0":{"start":{"line":1,"column":16},"end":{"line":1,"column":34}},"1":{"start":{"line":3,"column":17},"end":{"line":3,"column":50}},"2":{"start":{"line":4,"column":15},"end":{"line":14,"column":2}},"3":{"start":{"line":16,"column":0},"end":{"line":16,"column":24}}},"fnMap":{},"branchMap":{},"s":{"0":1,"1":1,"2":1,"3":1},"f":{},"b":{},"_coverageSchema":"1a1c01bbd47fc00a2c39e90264f33305004495a9","hash":"d4a5f3503b6263cc01a6c912618306fdc0d9ab1b"}
}
