TN:
SF:app.js
FNF:0
FNH:0
DA:1,1
DA:2,1
DA:4,1
DA:5,1
DA:6,1
DA:7,1
DA:8,1
DA:9,1
DA:10,1
DA:13,1
DA:14,1
DA:17,1
DA:18,1
DA:22,1
DA:23,1
DA:26,1
DA:29,1
DA:30,1
DA:33,1
DA:36,1
DA:37,1
DA:39,1
LF:22
LH:22
BRDA:10,0,0,1
BRDA:10,0,1,0
BRF:2
BRH:1
end_of_record
TN:
SF:_helpers/basic-auth.js
FN:4,basicAuth
FNF:1
FNH:1
FNDA:6,basicAuth
DA:1,1
DA:2,1
DA:5,6
DA:8,6
DA:9,1
DA:13,5
DA:14,5
DA:15,5
DA:16,5
DA:18,5
DA:19,0
DA:22,5
DA:25,1
LF:13
LH:12
BRDA:8,0,0,1
BRDA:8,0,1,5
BRDA:8,1,0,6
BRDA:8,1,1,5
BRDA:18,2,0,0
BRDA:18,2,1,5
BRDA:18,3,0,5
BRDA:18,3,1,5
BRF:8
BRH:7
end_of_record
TN:
SF:_helpers/error-handler.js
FN:1,errorHandler
FNF:1
FNH:0
FNDA:0,errorHandler
DA:2,0
DA:4,0
DA:8,0
DA:11,1
LF:4
LH:1
BRDA:2,0,0,0
BRDA:2,0,1,0
BRF:2
BRH:0
end_of_record
TN:
SF:config/default.js
FNF:0
FNH:0
DA:1,1
LF:1
LH:1
BRF:0
BRH:0
end_of_record
TN:
SF:models/store.js
FN:12,(anonymous_0)
FNF:1
FNH:1
FNDA:1,(anonymous_0)
DA:1,1
DA:3,1
DA:12,1
DA:16,1
LF:4
LH:4
BRF:0
BRH:0
end_of_record
TN:
SF:models/user.js
FN:9,(anonymous_0)
FN:13,(anonymous_1)
FN:20,(anonymous_2)
FN:23,(anonymous_3)
FNF:4
FNH:1
FNDA:5,(anonymous_0)
FNDA:0,(anonymous_1)
FNDA:0,(anonymous_2)
FNDA:0,(anonymous_3)
DA:1,1
DA:2,1
DA:4,1
DA:9,1
DA:10,5
DA:13,1
DA:14,0
DA:17,0
DA:20,0
DA:21,0
DA:23,0
DA:24,0
DA:25,0
DA:26,0
DA:27,0
DA:32,1
LF:16
LH:7
BRDA:17,0,0,0
BRDA:17,0,1,0
BRDA:21,1,0,0
BRDA:21,1,1,0
BRDA:24,2,0,0
BRDA:24,2,1,0
BRDA:26,3,0,0
BRDA:26,3,1,0
BRF:8
BRH:0
end_of_record
TN:
SF:routes/stores.js
FN:12,getAllStores
FN:31,(anonymous_1)
FN:32,(anonymous_2)
FN:33,(anonymous_3)
FN:69,(anonymous_4)
FN:70,(anonymous_5)
FN:86,(anonymous_6)
FN:87,(anonymous_7)
FN:119,createStore
FNF:9
FNH:9
FNDA:3,getAllStores
FNDA:27,(anonymous_1)
FNDA:150,(anonymous_2)
FNDA:120,(anonymous_3)
FNDA:2,(anonymous_4)
FNDA:2,(anonymous_5)
FNDA:2,(anonymous_6)
FNDA:2,(anonymous_7)
FNDA:2,createStore
DA:1,1
DA:2,1
DA:3,1
DA:4,1
DA:5,1
DA:6,1
DA:9,1
DA:13,3
DA:16,3
DA:18,3
DA:20,3
DA:28,3
DA:30,3
DA:32,150
DA:33,120
DA:34,27
DA:35,27
DA:36,27
DA:38,27
DA:45,3
DA:53,0
DA:58,1
DA:70,2
DA:71,2
DA:72,1
DA:87,2
DA:88,2
DA:89,1
DA:120,2
DA:123,2
DA:125,2
DA:126,1
DA:129,1
DA:130,1
DA:132,1
DA:133,1
DA:134,1
DA:135,1
DA:136,1
DA:137,1
DA:139,1
DA:141,1
DA:144,1
DA:146,0
DA:150,1
LF:45
LH:43
BRDA:16,0,0,2
BRDA:16,1,0,2
BRDA:36,2,0,24
BRDA:36,2,1,3
BRDA:71,3,0,1
BRDA:71,3,1,1
BRDA:88,4,0,1
BRDA:88,4,1,1
BRDA:125,5,0,1
BRDA:125,5,1,1
BRDA:136,6,0,0
BRDA:136,6,1,1
BRF:12
BRH:11
end_of_record
TN:
SF:services/user.service.js
FN:4,authenticate
FNF:1
FNH:1
FNDA:5,authenticate
DA:1,1
DA:2,1
DA:4,1
DA:5,5
DA:7,5
DA:9,5
DA:10,5
DA:14,0
LF:8
LH:7
BRDA:9,0,0,5
BRDA:9,0,1,0
BRF:2
BRH:1
end_of_record
TN:
SF:utils/format-currency.js
FNF:0
FNH:0
DA:1,1
DA:6,1
LF:2
LH:2
BRF:0
BRH:0
end_of_record
TN:
SF:utils/initializer.js
FN:4,(anonymous_0)
FNF:1
FNH:1
FNDA:1,(anonymous_0)
DA:1,1
DA:2,1
DA:4,1
DA:5,1
DA:6,1
DA:9,0
DA:10,0
DA:11,0
DA:12,0
DA:14,0
LF:10
LH:5
BRDA:5,0,0,1
BRDA:5,0,1,0
BRF:2
BRH:1
end_of_record
TN:
SF:utils/logger.js
FNF:0
FNH:0
DA:1,1
DA:3,1
DA:4,1
DA:16,1
LF:4
LH:4
BRF:0
BRH:0
end_of_record
